

*******************************************************************************
Tue Mar 17 15:27:03 2026


FIT:    data read from 'out.times.data.txt' using 1:2
        format = x:z
        #datapoints = 5
        residuals are weighted equally (unit weight)

function used for fitting: f(x)
	f(x) = a*x**3
fitted parameters initialized with current variable values

iter      chisq       delta/lim  lambda   a            
   0 1.0495309876e+15   0.00e+00  1.45e+07    1.000000e+00
   5 8.6657574215e-01  -2.18e-10  1.45e+02    1.249939e-07

After 5 iterations the fit converged.
final sum of squares of residuals : 0.866576
rel. change during last iteration : -2.17797e-15

degrees of freedom    (FIT_NDF)                        : 4
rms of residuals      (FIT_STDFIT) = sqrt(WSSR/ndf)    : 0.46545
variance of residuals (reduced chisquare) = WSSR/ndf   : 0.216644

Final set of parameters            Asymptotic Standard Error
=======================            ==========================
a               = 1.24994e-07      +/- 1.437e-08    (11.49%)


*******************************************************************************
Tue Mar 17 15:28:21 2026


FIT:    data read from 'out.times.data.txt' using 1:2
        format = x:z
        #datapoints = 5
        residuals are weighted equally (unit weight)

function used for fitting: f(x)
	f(x) = a*x**3
fitted parameters initialized with current variable values

iter      chisq       delta/lim  lambda   a            
   0 1.0495309672e+15   0.00e+00  1.45e+07    1.000000e+00
   5 1.1659935983e-02  -1.56e-08  1.45e+02    1.347161e-07

After 5 iterations the fit converged.
final sum of squares of residuals : 0.0116599
rel. change during last iteration : -1.56215e-13

degrees of freedom    (FIT_NDF)                        : 4
rms of residuals      (FIT_STDFIT) = sqrt(WSSR/ndf)    : 0.0539906
variance of residuals (reduced chisquare) = WSSR/ndf   : 0.00291498

Final set of parameters            Asymptotic Standard Error
=======================            ==========================
a               = 1.34716e-07      +/- 1.667e-09    (1.237%)


*******************************************************************************
Tue Mar 17 15:32:05 2026


FIT:    data read from 'out.times.data.txt' using 1:2
        format = x:z
        #datapoints = 21
        residuals are weighted equally (unit weight)

function used for fitting: f(x)
	f(x) = a*x**3
fitted parameters initialized with current variable values

iter      chisq       delta/lim  lambda   a            
   0 6.3928069997e+16   0.00e+00  5.52e+07    1.000000e+00
   5 4.5851036193e+01   0.00e+00  5.52e+07    1.708434e-07

After 5 iterations the fit converged.
final sum of squares of residuals : 45.851
rel. change during last iteration : 0

degrees of freedom    (FIT_NDF)                        : 20
rms of residuals      (FIT_STDFIT) = sqrt(WSSR/ndf)    : 1.51412
variance of residuals (reduced chisquare) = WSSR/ndf   : 2.29255

Final set of parameters            Asymptotic Standard Error
=======================            ==========================
a               = 1.70843e-07      +/- 5.988e-09    (3.505%)


*******************************************************************************
Tue Mar 17 15:33:01 2026


FIT:    data read from 'out.times.data.txt' using 1:2
        format = x:z
        #datapoints = 21
        residuals are weighted equally (unit weight)

function used for fitting: f(x)
	f(x) = a*x**3
fitted parameters initialized with current variable values

iter      chisq       delta/lim  lambda   a            
   0 6.3928069997e+16   0.00e+00  5.52e+07    1.000000e+00
   5 4.5851036193e+01   0.00e+00  5.52e+07    1.708434e-07

After 5 iterations the fit converged.
final sum of squares of residuals : 45.851
rel. change during last iteration : 0

degrees of freedom    (FIT_NDF)                        : 20
rms of residuals      (FIT_STDFIT) = sqrt(WSSR/ndf)    : 1.51412
variance of residuals (reduced chisquare) = WSSR/ndf   : 2.29255

Final set of parameters            Asymptotic Standard Error
=======================            ==========================
a               = 1.70843e-07      +/- 5.988e-09    (3.505%)
